# JRE version: OpenJDK Runtime Environment Temurin-17.0.4.1+1 (17.0.4.1+1) (build 17.0.4.1+1)
# Java VM: OpenJDK 64-Bit Server VM Temurin-17.0.4.1+1 (17.0.4.1+1, mixed mode, tiered, compressed oops, compressed class ptrs, parallel gc, linux-amd64)
GC Precious Log:
 CPUs: 16 total, 16 available
 Memory: 15378M
 Large Page Support: Disabled
 NUMA Support: Disabled
 Compressed Oops: Enabled (32-bit)
 Alignments: Space 512K, Generation 512K, Heap 2M
 Heap Min Capacity: 100M
 Heap Initial Capacity: 100M
 Heap Max Capacity: 1G
 Pre-touch: Disabled
 Parallel Workers: 13
Heap:
 PSYoungGen      total 2048K, used 1856K [0x00000000eab00000, 0x00000000eb000000, 0x0000000100000000)
  eden space 1536K, 100% used [0x00000000eab00000,0x00000000eac80000,0x00000000eac80000)
  from space 512K, 62% used [0x00000000eaf80000,0x00000000eafd0000,0x00000000eb000000)
  to   space 512K, 68% used [0x00000000eaf00000,0x00000000eaf58000,0x00000000eaf80000)
 ParOldGen       total 329728K, used 250439K [0x00000000c0000000, 0x00000000d4200000, 0x00000000eab00000)
  object space 329728K, 75% used [0x00000000c0000000,0x00000000cf491f58,0x00000000d4200000)
 Metaspace       used 102050K, committed 103424K, reserved 1146880K
  class space    used 9440K, committed 10048K, reserved 1048576K
GC Heap History (20 events):
Event: 53254.920 GC heap after
{Heap after GC invocations=91863 (full 2140):
 PSYoungGen      total 5632K, used 491K [0x00000000eab00000, 0x00000000eb300000, 0x0000000100000000)
  eden space 5120K, 0% used [0x00000000eab00000,0x00000000eab00000,0x00000000eb000000)
  from space 512K, 95% used [0x00000000eb200000,0x00000000eb27acc0,0x00000000eb280000)
  to   space 512K, 0% used [0x00000000eb280000,0x00000000eb280000,0x00000000eb300000)
 ParOldGen       total 329728K, used 245226K [0x00000000c0000000, 0x00000000d4200000, 0x00000000eab00000)
  object space 329728K, 74% used [0x00000000c0000000,0x00000000cef7aa18,0x00000000d4200000)
 Metaspace       used 102050K, committed 103424K, reserved 1146880K
  class space    used 9440K, committed 10048K, reserved 1048576K
}
Event: 53254.928 GC heap before
{Heap before GC invocations=91864 (full 2140):
 PSYoungGen      total 5632K, used 5611K [0x00000000eab00000, 0x00000000eb300000, 0x0000000100000000)
  eden space 5120K, 99% used [0x00000000eab00000,0x00000000eafffff8,0x00000000eb000000)
  from space 512K, 95% used [0x00000000eb200000,0x00000000eb27acc0,0x00000000eb280000)
  to   space 512K, 0% used [0x00000000eb280000,0x00000000eb280000,0x00000000eb300000)
 ParOldGen       total 329728K, used 245226K [0x00000000c0000000, 0x00000000d4200000, 0x00000000eab00000)
  object space 329728K, 74% used [0x00000000c0000000,0x00000000cef7aa18,0x00000000d4200000)
 Metaspace       used 102050K, committed 103424K, reserved 1146880K
  class space    used 9440K, committed 10048K, reserved 1048576K
}
Event: 53254.930 GC heap after
{Heap after GC invocations=91864 (full 2140):
 PSYoungGen      total 4608K, used 503K [0x00000000eab00000, 0x00000000eb700000, 0x0000000100000000)
  eden space 4096K, 0% used [0x00000000eab00000,0x00000000eab00000,0x00000000eaf00000)
  from space 512K, 98% used [0x00000000eb280000,0x00000000eb2fded0,0x00000000eb300000)
  to   space 3584K, 0% used [0x00000000eaf00000,0x00000000eaf00000,0x00000000eb280000)
 ParOldGen       total 329728K, used 247522K [0x00000000c0000000, 0x00000000d4200000, 0x00000000eab00000)
  object space 329728K, 75% used [0x00000000c0000000,0x00000000cf1b8af8,0x00000000d4200000)
 Metaspace       used 102050K, committed 103424K, reserved 1146880K
  class space    used 9440K, committed 10048K, reserved 1048576K
}
Event: 53254.938 GC heap before
{Heap before GC invocations=91865 (full 2140):
 PSYoungGen      total 4608K, used 4599K [0x00000000eab00000, 0x00000000eb700000, 0x0000000100000000)
  eden space 4096K, 100% used [0x00000000eab00000,0x00000000eaf00000,0x00000000eaf00000)
  from space 512K, 98% used [0x00000000eb280000,0x00000000eb2fded0,0x00000000eb300000)
  to   space 3584K, 0% used [0x00000000eaf00000,0x00000000eaf00000,0x00000000eb280000)
 ParOldGen       total 329728K, used 247522K [0x00000000c0000000, 0x00000000d4200000, 0x00000000eab00000)
  object space 329728K, 75% used [0x00000000c0000000,0x00000000cf1b8af8,0x00000000d4200000)
 Metaspace       used 102050K, committed 103424K, reserved 1146880K
  class space    used 9440K, committed 10048K, reserved 1048576K
}
Event: 53254.942 GC heap after
{Heap after GC invocations=91865 (full 2140):
 PSYoungGen      total 5632K, used 1366K [0x00000000eab00000, 0x00000000eb300000, 0x0000000100000000)
  eden space 4096K, 0% used [0x00000000eab00000,0x00000000eab00000,0x00000000eaf00000)
  from space 1536K, 88% used [0x00000000eaf00000,0x00000000eb055980,0x00000000eb080000)
  to   space 2048K, 0% used [0x00000000eb100000,0x00000000eb100000,0x00000000eb300000)
 ParOldGen       total 329728K, used 247825K [0x00000000c0000000, 0x00000000d4200000, 0x00000000eab00000)
  object space 329728K, 75% used [0x00000000c0000000,0x00000000cf2045b8,0x00000000d4200000)
 Metaspace       used 102050K, committed 103424K, reserved 1146880K
  class space    used 9440K, committed 10048K, reserved 1048576K
}
Event: 53254.948 GC heap before
{Heap before GC invocations=91866 (full 2140):
 PSYoungGen      total 5632K, used 5462K [0x00000000eab00000, 0x00000000eb300000, 0x0000000100000000)
  eden space 4096K, 100% used [0x00000000eab00000,0x00000000eaf00000,0x00000000eaf00000)
  from space 1536K, 88% used [0x00000000eaf00000,0x00000000eb055980,0x00000000eb080000)
  to   space 2048K, 0% used [0x00000000eb100000,0x00000000eb100000,0x00000000eb300000)
 ParOldGen       total 329728K, used 247825K [0x00000000c0000000, 0x00000000d4200000, 0x00000000eab00000)
  object space 329728K, 75% used [0x00000000c0000000,0x00000000cf2045b8,0x00000000d4200000)
 Metaspace       used 102050K, committed 103424K, reserved 1146880K
  class space    used 9440K, committed 10048K, reserved 1048576K
}
Event: 53254.951 GC heap after
{Heap after GC invocations=91866 (full 2140):
 PSYoungGen      total 3072K, used 2018K [0x00000000eab00000, 0x00000000eba00000, 0x0000000100000000)
  eden space 1024K, 0% used [0x00000000eab00000,0x00000000eab00000,0x00000000eac00000)
  from space 2048K, 98% used [0x00000000eb100000,0x00000000eb2f8820,0x00000000eb300000)
  to   space 5120K, 0% used [0x00000000eac00000,0x00000000eac00000,0x00000000eb100000)
 ParOldGen       total 329728K, used 250079K [0x00000000c0000000, 0x00000000d4200000, 0x00000000eab00000)
  object space 329728K, 75% used [0x00000000c0000000,0x00000000cf437f58,0x00000000d4200000)
 Metaspace       used 102050K, committed 103424K, reserved 1146880K
  class space    used 9440K, committed 10048K, reserved 1048576K
}
Event: 53255.010 GC heap before
{Heap before GC invocations=91867 (full 2140):
 PSYoungGen      total 3072K, used 3042K [0x00000000eab00000, 0x00000000eba00000, 0x0000000100000000)
  eden space 1024K, 100% used [0x00000000eab00000,0x00000000eac00000,0x00000000eac00000)
  from space 2048K, 98% used [0x00000000eb100000,0x00000000eb2f8820,0x00000000eb300000)
  to   space 5120K, 0% used [0x00000000eac00000,0x00000000eac00000,0x00000000eb100000)
 ParOldGen       total 329728K, used 250079K [0x00000000c0000000, 0x00000000d4200000, 0x00000000eab00000)
  object space 329728K, 75% used [0x00000000c0000000,0x00000000cf437f58,0x00000000d4200000)
 Metaspace       used 102050K, committed 103424K, reserved 1146880K
  class space    used 9440K, committed 10048K, reserved 1048576K
}
Event: 53255.011 GC heap after
{Heap after GC invocations=91867 (full 2140):
 PSYoungGen      total 1536K, used 384K [0x00000000eab00000, 0x00000000eb180000, 0x0000000100000000)
  eden space 1024K, 0% used [0x00000000eab00000,0x00000000eab00000,0x00000000eac00000)
  from space 512K, 75% used [0x00000000eac00000,0x00000000eac60000,0x00000000eac80000)
  to   space 2048K, 0% used [0x00000000eaf80000,0x00000000eaf80000,0x00000000eb180000)
 ParOldGen       total 329728K, used 250183K [0x00000000c0000000, 0x00000000d4200000, 0x00000000eab00000)
  object space 329728K, 75% used [0x00000000c0000000,0x00000000cf451f58,0x00000000d4200000)
 Metaspace       used 102050K, committed 103424K, reserved 1146880K
  class space    used 9440K, committed 10048K, reserved 1048576K
}
Event: 53255.013 GC heap before
{Heap before GC invocations=91868 (full 2140):
 PSYoungGen      total 1536K, used 1408K [0x00000000eab00000, 0x00000000eb180000, 0x0000000100000000)
  eden space 1024K, 100% used [0x00000000eab00000,0x00000000eac00000,0x00000000eac00000)
  from space 512K, 75% used [0x00000000eac00000,0x00000000eac60000,0x00000000eac80000)
  to   space 2048K, 0% used [0x00000000eaf80000,0x00000000eaf80000,0x00000000eb180000)
 ParOldGen       total 329728K, used 250183K [0x00000000c0000000, 0x00000000d4200000, 0x00000000eab00000)
  object space 329728K, 75% used [0x00000000c0000000,0x00000000cf451f58,0x00000000d4200000)
 Metaspace       used 102050K, committed 103424K, reserved 1146880K
  class space    used 9440K, committed 10048K, reserved 1048576K
}
Event: 53255.014 GC heap after
{Heap after GC invocations=91868 (full 2140):
 PSYoungGen      total 2048K, used 352K [0x00000000eab00000, 0x00000000eb000000, 0x0000000100000000)
  eden space 1536K, 0% used [0x00000000eab00000,0x00000000eab00000,0x00000000eac80000)
  from space 512K, 68% used [0x00000000eaf80000,0x00000000eafd8000,0x00000000eb000000)
  to   space 1024K, 0% used [0x00000000eae00000,0x00000000eae00000,0x00000000eaf00000)
 ParOldGen       total 329728K, used 250279K [0x00000000c0000000, 0x00000000d4200000, 0x00000000eab00000)
  object space 329728K, 75% used [0x00000000c0000000,0x00000000cf469f58,0x00000000d4200000)
 Metaspace       used 102050K, committed 103424K, reserved 1146880K
  class space    used 9440K, committed 10048K, reserved 1048576K
}
Event: 53255.044 GC heap before
{Heap before GC invocations=91869 (full 2140):
 PSYoungGen      total 2048K, used 1888K [0x00000000eab00000, 0x00000000eb000000, 0x0000000100000000)
  eden space 1536K, 100% used [0x00000000eab00000,0x00000000eac80000,0x00000000eac80000)
  from space 512K, 68% used [0x00000000eaf80000,0x00000000eafd8000,0x00000000eb000000)
  to   space 1024K, 0% used [0x00000000eae00000,0x00000000eae00000,0x00000000eaf00000)
 ParOldGen       total 329728K, used 250279K [0x00000000c0000000, 0x00000000d4200000, 0x00000000eab00000)
  object space 329728K, 75% used [0x00000000c0000000,0x00000000cf469f58,0x00000000d4200000)
 Metaspace       used 102050K, committed 103424K, reserved 1146880K
  class space    used 9440K, committed 10048K, reserved 1048576K
}
Event: 53255.045 GC heap after
{Heap after GC invocations=91869 (full 2140):
 PSYoungGen      total 2560K, used 384K [0x00000000eab00000, 0x00000000eb000000, 0x0000000100000000)
  eden space 1536K, 0% used [0x00000000eab00000,0x00000000eab00000,0x00000000eac80000)
  from space 1024K, 37% used [0x00000000eae00000,0x00000000eae60000,0x00000000eaf00000)
  to   space 512K, 0% used [0x00000000eaf80000,0x00000000eaf80000,0x00000000eb000000)
 ParOldGen       total 329728K, used 250335K [0x00000000c0000000, 0x00000000d4200000, 0x00000000eab00000)
  object space 329728K, 75% used [0x00000000c0000000,0x00000000cf477f58,0x00000000d4200000)
 Metaspace       used 102050K, committed 103424K, reserved 1146880K
  class space    used 9440K, committed 10048K, reserved 1048576K
}
Event: 53255.091 GC heap before
{Heap before GC invocations=91870 (full 2140):
 PSYoungGen      total 2560K, used 1920K [0x00000000eab00000, 0x00000000eb000000, 0x0000000100000000)
  eden space 1536K, 100% used [0x00000000eab00000,0x00000000eac80000,0x00000000eac80000)
  from space 1024K, 37% used [0x00000000eae00000,0x00000000eae60000,0x00000000eaf00000)
  to   space 512K, 0% used [0x00000000eaf80000,0x00000000eaf80000,0x00000000eb000000)
 ParOldGen       total 329728K, used 250335K [0x00000000c0000000, 0x00000000d4200000, 0x00000000eab00000)
  object space 329728K, 75% used [0x00000000c0000000,0x00000000cf477f58,0x00000000d4200000)
 Metaspace       used 102050K, committed 103424K, reserved 1146880K
  class space    used 9440K, committed 10048K, reserved 1048576K
}
Event: 53255.093 GC heap after
{Heap after GC invocations=91870 (full 2140):
 PSYoungGen      total 2048K, used 352K [0x00000000eab00000, 0x00000000eb000000, 0x0000000100000000)
  eden space 1536K, 0% used [0x00000000eab00000,0x00000000eab00000,0x00000000eac80000)
  from space 512K, 68% used [0x00000000eaf80000,0x00000000eafd8000,0x00000000eb000000)
  to   space 512K, 0% used [0x00000000eaf00000,0x00000000eaf00000,0x00000000eaf80000)
 ParOldGen       total 329728K, used 250351K [0x00000000c0000000, 0x00000000d4200000, 0x00000000eab00000)
  object space 329728K, 75% used [0x00000000c0000000,0x00000000cf47bf58,0x00000000d4200000)
 Metaspace       used 102050K, committed 103424K, reserved 1146880K
  class space    used 9440K, committed 10048K, reserved 1048576K
}
Event: 53255.124 GC heap before
{Heap before GC invocations=91871 (full 2140):
 PSYoungGen      total 2048K, used 1888K [0x00000000eab00000, 0x00000000eb000000, 0x0000000100000000)
  eden space 1536K, 100% used [0x00000000eab00000,0x00000000eac80000,0x00000000eac80000)
  from space 512K, 68% used [0x00000000eaf80000,0x00000000eafd8000,0x00000000eb000000)
  to   space 512K, 0% used [0x00000000eaf00000,0x00000000eaf00000,0x00000000eaf80000)
 ParOldGen       total 329728K, used 250351K [0x00000000c0000000, 0x00000000d4200000, 0x00000000eab00000)
  object space 329728K, 75% used [0x00000000c0000000,0x00000000cf47bf58,0x00000000d4200000)
 Metaspace       used 102050K, committed 103424K, reserved 1146880K
  class space    used 9440K, committed 10048K, reserved 1048576K
}
Event: 53255.126 GC heap after
{Heap after GC invocations=91871 (full 2140):
 PSYoungGen      total 2048K, used 288K [0x00000000eab00000, 0x00000000eb000000, 0x0000000100000000)
  eden space 1536K, 0% used [0x00000000eab00000,0x00000000eab00000,0x00000000eac80000)
  from space 512K, 56% used [0x00000000eaf00000,0x00000000eaf48000,0x00000000eaf80000)
  to   space 512K, 0% used [0x00000000eaf80000,0x00000000eaf80000,0x00000000eb000000)
 ParOldGen       total 329728K, used 250351K [0x00000000c0000000, 0x00000000d4200000, 0x00000000eab00000)
  object space 329728K, 75% used [0x00000000c0000000,0x00000000cf47bf58,0x00000000d4200000)
 Metaspace       used 102050K, committed 103424K, reserved 1146880K
  class space    used 9440K, committed 10048K, reserved 1048576K
}
Event: 53255.443 GC heap before
{Heap before GC invocations=91872 (full 2140):
 PSYoungGen      total 2048K, used 1824K [0x00000000eab00000, 0x00000000eb000000, 0x0000000100000000)
  eden space 1536K, 100% used [0x00000000eab00000,0x00000000eac80000,0x00000000eac80000)
  from space 512K, 56% used [0x00000000eaf00000,0x00000000eaf48000,0x00000000eaf80000)
  to   space 512K, 0% used [0x00000000eaf80000,0x00000000eaf80000,0x00000000eb000000)
 ParOldGen       total 329728K, used 250351K [0x00000000c0000000, 0x00000000d4200000, 0x00000000eab00000)
  object space 329728K, 75% used [0x00000000c0000000,0x00000000cf47bf58,0x00000000d4200000)
 Metaspace       used 102050K, committed 103424K, reserved 1146880K
  class space    used 9440K, committed 10048K, reserved 1048576K
}
Event: 53255.444 GC heap after
{Heap after GC invocations=91872 (full 2140):
 PSYoungGen      total 2048K, used 320K [0x00000000eab00000, 0x00000000eb000000, 0x0000000100000000)
  eden space 1536K, 0% used [0x00000000eab00000,0x00000000eab00000,0x00000000eac80000)
  from space 512K, 62% used [0x00000000eaf80000,0x00000000eafd0000,0x00000000eb000000)
  to   space 512K, 0% used [0x00000000eaf00000,0x00000000eaf00000,0x00000000eaf80000)
 ParOldGen       total 329728K, used 250359K [0x00000000c0000000, 0x00000000d4200000, 0x00000000eab00000)
  object space 329728K, 75% used [0x00000000c0000000,0x00000000cf47df58,0x00000000d4200000)
 Metaspace       used 102050K, committed 103424K, reserved 1146880K
  class space    used 9440K, committed 10048K, reserved 1048576K
}
Event: 53255.446 GC heap before
{Heap before GC invocations=91873 (full 2140):
 PSYoungGen      total 2048K, used 1856K [0x00000000eab00000, 0x00000000eb000000, 0x0000000100000000)
  eden space 1536K, 100% used [0x00000000eab00000,0x00000000eac80000,0x00000000eac80000)
  from space 512K, 62% used [0x00000000eaf80000,0x00000000eafd0000,0x00000000eb000000)
  to   space 512K, 0% used [0x00000000eaf00000,0x00000000eaf00000,0x00000000eaf80000)
 ParOldGen       total 329728K, used 250359K [0x00000000c0000000, 0x00000000d4200000, 0x00000000eab00000)
  object space 329728K, 75% used [0x00000000c0000000,0x00000000cf47df58,0x00000000d4200000)
 Metaspace       used 102050K, committed 103424K, reserved 1146880K
  class space    used 9440K, committed 10048K, reserved 1048576K
}

